0    DEBUG [2013-11-25 12:06:15]  Request:
1    DEBUG [2013-11-25 12:06:15]  GET:https://api.weibo.com/2/users/show.json
208  DEBUG [2013-11-25 12:06:15]  Authorization: OAuth2 2.00T2FS5BdcZIJCcfc6ea7f4aQtkkXC
208  DEBUG [2013-11-25 12:06:15]  API-RemoteIP: 192.168.17.82
688  DEBUG [2013-11-25 12:06:15]  Response:
688  DEBUG [2013-11-25 12:06:15]  https StatusCode:200
689  DEBUG [2013-11-25 12:06:15]  Server:nginx/1.2.0
689  DEBUG [2013-11-25 12:06:15]  Date:Mon, 25 Nov 2013 04:05:12 GMT
689  DEBUG [2013-11-25 12:06:15]  Content-Type:application/json;charset=UTF-8
689  DEBUG [2013-11-25 12:06:15]  Transfer-Encoding:chunked
689  DEBUG [2013-11-25 12:06:15]  Connection:keep-alive
689  DEBUG [2013-11-25 12:06:15]  Api-Server-IP:10.75.0.171
689  DEBUG [2013-11-25 12:06:15]  Vary:Accept-Encoding
691  WARN  [2013-11-25 12:06:15]  Going to buffer response body of large or unknown size. Using getResponseBodyAsStream instead is recommended.
692  DEBUG [2013-11-25 12:06:15]  {"id":1835127861,"idstr":"1835127861","class":1,"screen_name":"情感心理学_周群超","name":"情感心理学_周群超","province":"37","city":"6","location":"山东 烟台","description":"【情感心理导师_周群超】隆重入住新浪微博，温暖人心，净化心灵！ QQ：83009 微信号：9925838","url":"http://qq722911.qzone.qq.com","profile_image_url":"http://tp2.sinaimg.cn/1835127861/50/5600791157/1","cover_image":"http://ww2.sinaimg.cn/crop.0.0.980.300/6d61d435tw1eaf02yvxpzj20r808cwgr.jpg","profile_url":"yulu365","domain":"yulu365","weihao":"","gender":"m","followers_count":4079,"friends_count":340,"statuses_count":81147,"favourites_count":17,"created_at":"Wed Oct 20 23:53:50 +0800 2010","following":false,"allow_all_act_msg":false,"geo_enabled":true,"verified":false,"verified_type":-1,"remark":"","status":{"created_at":"Mon Nov 25 12:03:25 +0800 2013","id":3648493949984698,"mid":"3648493949984698","idstr":"3648493949984698","text":"想要人追你很容易，想要人娶你却很难。想要人养你很容易，想要人珍惜你却很难。所以说，与其什么都要，还不如要一样最珍贵的。男人也好，女人也好，每天都要走许多路，见许多人。所以路过很容易，终点却只有一个。如果相爱的话，那就什么都不要，一起携手走到终点吧。","source":"<a href=\"http://app.weibo.com/t/feed/3auC5p\" rel=\"nofollow\">皮皮时光机</a>","favorited":false,"truncated":false,"in_reply_to_status_id":"","in_reply_to_user_id":"","in_reply_to_screen_name":"","pic_urls":[{"thumbnail_pic":"http://ww3.sinaimg.cn/thumbnail/6d61d435jw1eax4uqdhbjj20cs08mwfd.jpg"}],"thumbnail_pic":"http://ww3.sinaimg.cn/thumbnail/6d61d435jw1eax4uqdhbjj20cs08mwfd.jpg","bmiddle_pic":"http://ww3.sinaimg.cn/bmiddle/6d61d435jw1eax4uqdhbjj20cs08mwfd.jpg","original_pic":"http://ww3.sinaimg.cn/large/6d61d435jw1eax4uqdhbjj20cs08mwfd.jpg","geo":null,"reposts_count":0,"comments_count":0,"attitudes_count":0,"mlevel":0,"visible":{"type":0,"list_id":0}},"ptype":0,"allow_all_comment":true,"avatar_large":"http://tp2.sinaimg.cn/1835127861/180/5600791157/1","avatar_hd":"http://tp2.sinaimg.cn/1835127861/180/5600791157/1","verified_reason":"","follow_me":true,"online_status":0,"bi_followers_count":10,"lang":"zh-cn","star":0,"mbtype":12,"mbrank":2,"block_word":0}

0    DEBUG [2013-11-25 12:06:36]  Request:
1    DEBUG [2013-11-25 12:06:36]  GET:https://api.weibo.com/2/users/show.json
292  DEBUG [2013-11-25 12:06:36]  Authorization: OAuth2 2.00T2FS5BdcZIJCcfc6ea7f4aQtkkXC
293  DEBUG [2013-11-25 12:06:36]  API-RemoteIP: 192.168.17.82
688  DEBUG [2013-11-25 12:06:37]  Response:
689  DEBUG [2013-11-25 12:06:37]  https StatusCode:200
689  DEBUG [2013-11-25 12:06:37]  Server:nginx/1.2.0
689  DEBUG [2013-11-25 12:06:37]  Date:Mon, 25 Nov 2013 04:05:34 GMT
689  DEBUG [2013-11-25 12:06:37]  Content-Type:application/json;charset=UTF-8
690  DEBUG [2013-11-25 12:06:37]  Transfer-Encoding:chunked
690  DEBUG [2013-11-25 12:06:37]  Connection:keep-alive
690  DEBUG [2013-11-25 12:06:37]  Api-Server-IP:10.75.5.103
690  DEBUG [2013-11-25 12:06:37]  Vary:Accept-Encoding
692  WARN  [2013-11-25 12:06:37]  Going to buffer response body of large or unknown size. Using getResponseBodyAsStream instead is recommended.
693  DEBUG [2013-11-25 12:06:37]  {"id":1862087393,"idstr":"1862087393","class":1,"screen_name":"皮皮数据挖掘","name":"皮皮数据挖掘","province":"34","city":"1","location":"安徽 合肥","description":"指掌时代数据挖据，微博情感分析......","url":"","profile_image_url":"http://tp2.sinaimg.cn/1862087393/50/40008599266/1","profile_url":"u/1862087393","domain":"","weihao":"","gender":"m","followers_count":418,"friends_count":830,"statuses_count":613,"favourites_count":4,"created_at":"Sun Nov 14 07:47:03 +0800 2010","following":false,"allow_all_act_msg":false,"geo_enabled":true,"verified":false,"verified_type":-1,"remark":"","status":{"created_at":"Tue Aug 13 19:26:56 +0800 2013","id":3610917222724138,"mid":"3610917222724138","idstr":"3610917222724138","text":"测试中。。。","source":"<a href=\"http://weibo.com/\" rel=\"nofollow\">新浪微博</a>","favorited":false,"truncated":false,"in_reply_to_status_id":"","in_reply_to_user_id":"","in_reply_to_screen_name":"","pic_urls":[],"geo":null,"reposts_count":0,"comments_count":0,"attitudes_count":0,"mlevel":0,"visible":{"type":0,"list_id":0}},"ptype":0,"allow_all_comment":true,"avatar_large":"http://tp2.sinaimg.cn/1862087393/180/40008599266/1","avatar_hd":"http://tp2.sinaimg.cn/1862087393/180/40008599266/1","verified_reason":"","follow_me":false,"online_status":1,"bi_followers_count":46,"lang":"zh-cn","star":0,"mbtype":0,"mbrank":0,"block_word":0}

